Logfile initialized
[INFO] logfile = /media/Datos/Projects/Example/build.log
[DEBUG] /home/alfonso/.titanium/mobilesdk/linux/2.1.0.GA/android/builder.py simulator Example /home/alfonso/android /media/Datos/Projects/Example com.example 2 WVGA854 
[INFO] Building Example for Android ... one moment
[INFO] Titanium SDK version: 2.1.0 (06/28/12 12:16 6e3cab6)
[DEBUG] Waiting for device to be ready ...
[TRACE] adb devices returned 1 devices/emulators
[TRACE] adb devices returned 1 devices/emulators
[TRACE] adb devices returned 1 devices/emulators
[DEBUG] Device connected... (waited 10 seconds)
[DEBUG] waited 10.051381 seconds on emulator to get ready
[INFO] Waiting for the Android Emulator to become available
[DEBUG] com.example installed? True
[INFO] Fastdev server running, deploying in Fastdev mode
[INFO] Copying CommonJS modules...
[INFO] Copying project resources..
[INFO] Detected change in tiapp.xml, or assets deleted. Forcing full re-build...
[TRACE] COPYING CREATED FILE: /media/Datos/Projects/Example/Resources/android/appicon.png => /media/Datos/Projects/Example/build/android/bin/assets/Resources/appicon.png
[TRACE] COPYING CREATED FILE: /media/Datos/Projects/Example/Resources/android/default.png => /media/Datos/Projects/Example/build/android/bin/assets/Resources/default.png
[TRACE] COPYING CREATED FILE: /media/Datos/Projects/Example/Resources/app.js => /media/Datos/Projects/Example/build/android/bin/assets/Resources/app.js
[TRACE] COPYING CREATED FILE: /media/Datos/Projects/Example/Resources/KS_nav_ui.png => /media/Datos/Projects/Example/build/android/bin/assets/Resources/KS_nav_ui.png
[TRACE] COPYING CREATED FILE: /media/Datos/Projects/Example/Resources/KS_nav_views.png => /media/Datos/Projects/Example/build/android/bin/assets/Resources/KS_nav_views.png
[TRACE] COPYING CREATED FILE: /media/Datos/Projects/Example/Resources/views/start.js => /media/Datos/Projects/Example/build/android/bin/assets/Resources/views/start.js
[TRACE] Generating Java Classes
[DEBUG] Processing Android resource drawables
[DEBUG] app stylesheet => /media/Datos/Projects/Example/build/android/gen/com/example/ApplicationStylesheet.java
[DEBUG] copying app icon: /media/Datos/Projects/Example/build/android/bin/assets/Resources/appicon.png
[DEBUG] generating theme.xml
[DEBUG] found splash screen at /media/Datos/Projects/Example/build/android/bin/assets/Resources/default.png
[TRACE] Writing out AndroidManifest.xml
[DEBUG] adding /media/Datos/Projects/Example/build/android/gen/com/example/ApplicationStylesheet.java to javac build list
[DEBUG] adding /media/Datos/Projects/Example/build/android/gen/com/example/ExampleActivity.java to javac build list
[DEBUG] adding /media/Datos/Projects/Example/build/android/gen/com/example/ExampleAppInfo.java to javac build list
[DEBUG] adding /media/Datos/Projects/Example/build/android/gen/com/example/ExampleApplication.java to javac build list
[DEBUG] adding /media/Datos/Projects/Example/build/android/gen/com/example/R.java to javac build list
[DEBUG] Building Java Sources: "/media/Datos/Projects/Example/build/android/gen/com/example/ApplicationStylesheet.java" "/media/Datos/Projects/Example/build/android/gen/com/example/ExampleActivity.java" "/media/Datos/Projects/Example/build/android/gen/com/example/ExampleAppInfo.java" "/media/Datos/Projects/Example/build/android/gen/com/example/ExampleApplication.java" "/media/Datos/Projects/Example/build/android/gen/com/example/R.java"
[INFO] Waiting for SDCard to become available..
[INFO] Compiling Android Resources... This could take some time
[DEBUG] Android classes.dex built
[DEBUG] creating unsigned apk: /media/Datos/Projects/Example/build/android/bin/app-unsigned.apk
[DEBUG] from resource zip => assets/Resources/views/start.js
[DEBUG] from resource zip => assets/Resources/KS_nav_ui.png
[DEBUG] from resource zip => assets/Resources/KS_nav_views.png
[DEBUG] from resource zip => assets/Resources/app.js
[DEBUG] from resource zip => assets/Resources/appicon.png
[DEBUG] from resource zip => assets/Resources/default.png
[DEBUG] from resource zip => assets/Resources/ti.cloud.js
[DEBUG] from resource zip => assets/app.json
[DEBUG] from resource zip => assets/index.json
[DEBUG] from resource zip => assets/tiapp.xml
[DEBUG] from resource zip => res/drawable/appicon.png
[DEBUG] from resource zip => res/drawable/background.png
[DEBUG] from resource zip => res/drawable/close.png
[DEBUG] from resource zip => res/drawable/facebook_login.png
[DEBUG] from resource zip => res/drawable/facebook_login_down.png
[DEBUG] from resource zip => res/drawable/facebook_login_wide.png
[DEBUG] from resource zip => res/drawable/facebook_login_wide_down.png
[DEBUG] from resource zip => res/drawable/facebook_logout.png
[DEBUG] from resource zip => res/drawable/facebook_logout_down.png
[DEBUG] from resource zip => res/layout/titanium_tabgroup.xml
[DEBUG] from resource zip => AndroidManifest.xml
[DEBUG] from resource zip => resources.arsc
[DEBUG] from resource zip => res/drawable-hdpi/close.png
[DEBUG] from resource zip => res/drawable-ldpi/close.png
[DEBUG] from JAR /home/alfonso/.titanium/mobilesdk/linux/2.1.0.GA/android/titanium.jar => org/appcelerator/titanium/build.properties
[DEBUG] from JAR /home/alfonso/.titanium/mobilesdk/linux/2.1.0.GA/android/titanium.jar => org/appcelerator/titanium/res/drawable/background.png
[DEBUG] from JAR /home/alfonso/.titanium/mobilesdk/linux/2.1.0.GA/android/titanium.jar => org/appcelerator/titanium/res/drawable/btn_check_buttonless_on.png
[DEBUG] from JAR /home/alfonso/.titanium/mobilesdk/linux/2.1.0.GA/android/titanium.jar => org/appcelerator/titanium/res/drawable/btn_check_buttonless_on_18.png
[DEBUG] from JAR /home/alfonso/.titanium/mobilesdk/linux/2.1.0.GA/android/titanium.jar => org/appcelerator/titanium/res/drawable/btn_check_buttonless_on_48.png
[DEBUG] from JAR /home/alfonso/.titanium/mobilesdk/linux/2.1.0.GA/android/titanium.jar => org/appcelerator/titanium/res/drawable/btn_more.png
[DEBUG] from JAR /home/alfonso/.titanium/mobilesdk/linux/2.1.0.GA/android/titanium.jar => org/appcelerator/titanium/res/drawable/btn_more_18.png
[DEBUG] from JAR /home/alfonso/.titanium/mobilesdk/linux/2.1.0.GA/android/titanium.jar => org/appcelerator/titanium/res/drawable/btn_more_48.png
[DEBUG] from JAR /home/alfonso/.titanium/mobilesdk/linux/2.1.0.GA/android/titanium.jar => org/appcelerator/titanium/res/drawable/btn_picker_normal.9.png
[DEBUG] from JAR /home/alfonso/.titanium/mobilesdk/linux/2.1.0.GA/android/titanium.jar => org/appcelerator/titanium/res/drawable/btn_picker_pressed.9.png
[DEBUG] from JAR /home/alfonso/.titanium/mobilesdk/linux/2.1.0.GA/android/titanium.jar => org/appcelerator/titanium/res/drawable/btn_picker_selected.9.png
[DEBUG] from JAR /home/alfonso/.titanium/mobilesdk/linux/2.1.0.GA/android/titanium.jar => org/appcelerator/titanium/res/drawable/default_icon.png
[DEBUG] from JAR /home/alfonso/.titanium/mobilesdk/linux/2.1.0.GA/android/titanium.jar => org/appcelerator/titanium/res/drawable/photoDefault.png
[DEBUG] from JAR /home/alfonso/.titanium/mobilesdk/linux/2.1.0.GA/android/thirdparty.jar => org/apache/Commons-NOTICE.txt
[DEBUG] from JAR /home/alfonso/.titanium/mobilesdk/linux/2.1.0.GA/android/thirdparty.jar => org/apache/HttpComponents-NOTICE.txt
[DEBUG] from JAR /home/alfonso/.titanium/mobilesdk/linux/2.1.0.GA/android/thirdparty.jar => org/apache/mime4j-NOTICE.txt
[DEBUG] from JAR /home/alfonso/.titanium/mobilesdk/linux/2.1.0.GA/android/modules/titanium-ui.jar => ti/modules/titanium/ui/widget/webview/binding.js
[DEBUG] from JAR /home/alfonso/.titanium/mobilesdk/linux/2.1.0.GA/android/modules/titanium-ui.jar => ti/modules/titanium/ui/widget/webview/binding.min.js
[DEBUG] from JAR /home/alfonso/.titanium/mobilesdk/linux/2.1.0.GA/android/modules/titanium-ui.jar => ti/modules/titanium/ui/widget/webview/json2.js
[DEBUG] from JAR /home/alfonso/.titanium/mobilesdk/linux/2.1.0.GA/android/modules/titanium-facebook.jar => ti/modules/titanium/facebook/LICENSE
[DEBUG] installing native SDK libs
[DEBUG] Waiting for device to be ready ...
[TRACE] adb devices returned 1 devices/emulators
[DEBUG] Device connected... (waited 0 seconds)
[DEBUG] waited 0.016124 seconds on emulator to get ready
[INFO] Installing application on emulator
[INFO] Launching application ... Example
[TRACE] Launch output: Starting: Intent { act=android.intent.action.MAIN cat=[android.intent.category.LAUNCHER] cmp=com.example/.ExampleActivity }

[INFO] Deployed Example ... Application should be running.
[INFO] Android Emulator has exited
